<?xml version="1.0" encoding="UTF-8"?>
<robot generated="20180725 13:00:41.404" generator="Robot 3.0.4 (Python 2.7.15 on win32)">
<suite source="E:\py2\facebook.robot" id="s1" name="Facebook">
<test id="s1-t1" name="เปิด Browser">
<kw name="Open Browser" library="Selenium2Library">
<doc>Opens a new browser instance to the given ``url``.</doc>
<arguments>
<arg>https://www.facebook.com</arg>
<arg>chrome</arg>
</arguments>
<msg timestamp="20180725 13:00:43.042" level="INFO">Opening browser 'chrome' to base url 'https://www.facebook.com'.</msg>
<kw name="Capture Page Screenshot" library="Selenium2Library">
<doc>Takes screenshot of the current page and embeds it into log file.</doc>
<msg timestamp="20180725 13:00:52.494" level="FAIL">WebDriverException: Message: chrome not reachable
  (Session info: chrome=67.0.3396.99)
  (Driver info: chromedriver=2.40.565498 (ea082db3280dd6843ebfb08a625e3eb905c4f5ab),platform=Windows NT 10.0.17134 x86_64)
</msg>
<status status="FAIL" endtime="20180725 13:00:52.494" starttime="20180725 13:00:46.372"></status>
</kw>
<msg timestamp="20180725 13:00:52.494" level="WARN">Keyword 'Capture Page Screenshot' could not be run on failure: WebDriverException: Message: chrome not reachable
  (Session info: chrome=67.0.3396.99)
  (Driver info: chromedriver=2.40.565498 (ea082db3280dd6843ebfb08a625e3eb905c4f5ab),platform=Windows NT 10.0.17134 x86_64)
</msg>
<msg timestamp="20180725 13:00:52.494" level="FAIL">WebDriverException: Message: unknown error: cannot determine loading status
from unknown error: cannot determine loading status
from disconnected: received Inspector.detached event
  (Session info: chrome=67.0.3396.99)
  (Driver info: chromedriver=2.40.565498 (ea082db3280dd6843ebfb08a625e3eb905c4f5ab),platform=Windows NT 10.0.17134 x86_64)
</msg>
<status status="FAIL" endtime="20180725 13:00:52.494" starttime="20180725 13:00:43.042"></status>
</kw>
<status status="FAIL" endtime="20180725 13:00:52.494" critical="yes" starttime="20180725 13:00:43.042">WebDriverException: Message: unknown error: cannot determine loading status
from unknown error: cannot determine loading status
from disconnected: received Inspector.detached event
  (Session info: chrome=67.0.3396.99)
  (Driver info: chromedriver=2.40.565498 (ea082db3280dd6843ebfb08a625e3eb905c4f5ab),platform=Windows NT 10.0.17134 x86_64)
</status>
</test>
<test id="s1-t2" name="โพส์ข้อความ">
<kw name="Click Element At Coordinates" library="Selenium2Library">
<doc>Click element ``locator`` at ``xoffset/yoffset``.</doc>
<arguments>
<arg>xpath://body</arg>
<arg>0</arg>
<arg>0</arg>
</arguments>
<msg timestamp="20180725 13:00:52.494" level="INFO">Clicking element 'xpath://body' at coordinates x=0, y=0.</msg>
<kw name="Capture Page Screenshot" library="Selenium2Library">
<doc>Takes screenshot of the current page and embeds it into log file.</doc>
<msg timestamp="20180725 13:01:04.674" level="FAIL">WebDriverException: Message: chrome not reachable
  (Session info: chrome=67.0.3396.99)
  (Driver info: chromedriver=2.40.565498 (ea082db3280dd6843ebfb08a625e3eb905c4f5ab),platform=Windows NT 10.0.17134 x86_64)
</msg>
<status status="FAIL" endtime="20180725 13:01:04.674" starttime="20180725 13:00:58.588"></status>
</kw>
<msg timestamp="20180725 13:01:04.674" level="WARN">Keyword 'Capture Page Screenshot' could not be run on failure: WebDriverException: Message: chrome not reachable
  (Session info: chrome=67.0.3396.99)
  (Driver info: chromedriver=2.40.565498 (ea082db3280dd6843ebfb08a625e3eb905c4f5ab),platform=Windows NT 10.0.17134 x86_64)
</msg>
<msg timestamp="20180725 13:01:04.674" level="FAIL">WebDriverException: Message: chrome not reachable
  (Session info: chrome=67.0.3396.99)
  (Driver info: chromedriver=2.40.565498 (ea082db3280dd6843ebfb08a625e3eb905c4f5ab),platform=Windows NT 10.0.17134 x86_64)
</msg>
<status status="FAIL" endtime="20180725 13:01:04.674" starttime="20180725 13:00:52.494"></status>
</kw>
<status status="FAIL" endtime="20180725 13:01:04.674" critical="yes" starttime="20180725 13:00:52.494">WebDriverException: Message: chrome not reachable
  (Session info: chrome=67.0.3396.99)
  (Driver info: chromedriver=2.40.565498 (ea082db3280dd6843ebfb08a625e3eb905c4f5ab),platform=Windows NT 10.0.17134 x86_64)
</status>
</test>
<doc>Suite description</doc>
<status status="FAIL" endtime="20180725 13:01:04.674" starttime="20180725 13:00:41.404"></status>
</suite>
<statistics>
<total>
<stat fail="2" pass="0">Critical Tests</stat>
<stat fail="2" pass="0">All Tests</stat>
</total>
<tag>
</tag>
<suite>
<stat fail="2" id="s1" name="Facebook" pass="0">Facebook</stat>
</suite>
</statistics>
<errors>
<msg timestamp="20180725 13:00:52.494" level="WARN">Keyword 'Capture Page Screenshot' could not be run on failure: WebDriverException: Message: chrome not reachable
  (Session info: chrome=67.0.3396.99)
  (Driver info: chromedriver=2.40.565498 (ea082db3280dd6843ebfb08a625e3eb905c4f5ab),platform=Windows NT 10.0.17134 x86_64)
</msg>
<msg timestamp="20180725 13:01:04.674" level="WARN">Keyword 'Capture Page Screenshot' could not be run on failure: WebDriverException: Message: chrome not reachable
  (Session info: chrome=67.0.3396.99)
  (Driver info: chromedriver=2.40.565498 (ea082db3280dd6843ebfb08a625e3eb905c4f5ab),platform=Windows NT 10.0.17134 x86_64)
</msg>
</errors>
</robot>
